C51 COMPILER V9.53.0.0   MODMIPILS                                                         06/30/2023 14:32:05 PAGE 1   


C51 COMPILER V9.53.0.0, COMPILATION OF MODULE MODMIPILS
OBJECT MODULE PLACED IN ..\..\..\..\..\out\ModMipiLs.obj
COMPILER INVOKED BY: C:\Keil_v5\c51\C51\BIN\C51.EXE ..\User\Module\ModMipiLs.c LARGE OPTIMIZE(8,SIZE) OPTIMIZE(8,SIZE) R
                    -EGFILE(..\..\..\..\..\out\LT9211C_MIPI DSI to LVDS test.ORC) BROWSE INCDIR(..\User\Driver;..\User\App;..\User\Ocm;..\Use
                    -r\Module) DEBUG OBJECTEXTEND PRINT(.\Listings\ModMipiLs.lst) OBJECT(..\..\..\..\..\out\ModMipiLs.obj)

line level    source

   1          /******************************************************************************
   2            * @project: LT9211C
   3            * @file: ModMipiLs.c
   4            * @author: xding
   5            * @company: LONTIUM COPYRIGHT and CONFIDENTIAL
   6            * @date: 2023.01.29
   7          /******************************************************************************/
   8          
   9          #include    "include.h"
  10          
  11          
  12          #if (LT9211C_MODE_SEL == MIPI_LEVEL_SHIFT)
              
              void Mod_MipiLsClkStb_Judge()
              {
                  if (g_stChipRx.ucRxState > STATE_CHIPRX_VIDEO_CHECK)
                  {
                      if(Drv_MipiLsClk_Change() == TRUE)
                      {
                          LTLog(LOG_WARN,"MIPI Repeater Level Shift Rx Clk Change");
                          Mod_SystemRx_SetState(STATE_CHIPRX_WAITE_SOURCE);
                      }
                  }    
              }
              
              
              void Mod_MipiLs_StateHandler()
              {
                  switch (g_stChipRx.ucRxState)
                  {
                      case STATE_CHIPRX_POWER_ON:
                          Mod_SystemRx_SetState(STATE_CHIPRX_WAITE_SOURCE);
                      break;    
                      
                      case STATE_CHIPRX_WAITE_SOURCE:
                          Drv_MipiLs_PortSel();
                          Drv_MipiLs_ClkSel();
                          Drv_MipiLsRxPhy_Set();
                          Drv_MipiLsRxDig_Set();
                          Mod_SystemRx_SetState(STATE_CHIPRX_PLL_CONFIG);
                      break;
                      
                      case STATE_CHIPRX_PLL_CONFIG:
                          Drv_MipiLsTx_PllSet();
                          if (Drv_MipiLsTx_PllCali() == TRUE)
                          {
                              Mod_SystemRx_SetState(STATE_CHIPRX_VIDEO_CHECK);
                          }
                          else
                          {
                              Mod_SystemRx_SetState(STATE_CHIPRX_WAITE_SOURCE);
                          }
                      break;
C51 COMPILER V9.53.0.0   MODMIPILS                                                         06/30/2023 14:32:05 PAGE 2   

                          
                      case STATE_CHIPRX_VIDEO_CHECK:
                          Drv_MipiLsTxPhy_Set();
                          Drv_MipiLsBta_Set();
                          Mod_SystemRx_SetState(STATE_CHIPRX_PLAY_BACK);
                      break;
                      
                      case STATE_CHIPRX_PLAY_BACK:
                          Drv_MipiLsClk_Check();
                      break;
                  }
              }
              
              void Mod_MipiLs_Handler()
              {
                  Mod_MipiLsClkStb_Judge();
                  Mod_MipiLs_StateHandler();
              }
              
              #endif
  74          


MODULE INFORMATION:   STATIC OVERLAYABLE
   CODE SIZE        =   ----    ----
   CONSTANT SIZE    =   ----    ----
   XDATA SIZE       =   ----    ----
   PDATA SIZE       =   ----    ----
   DATA SIZE        =   ----    ----
   IDATA SIZE       =   ----    ----
   BIT SIZE         =   ----    ----
END OF MODULE INFORMATION.


C51 COMPILATION COMPLETE.  0 WARNING(S),  0 ERROR(S)
