C51 COMPILER V9.53.0.0   MODMIPIRPT                                                        06/30/2023 14:32:05 PAGE 1   


C51 COMPILER V9.53.0.0, COMPILATION OF MODULE MODMIPIRPT
OBJECT MODULE PLACED IN ..\..\..\..\..\out\ModMipiRpt.obj
COMPILER INVOKED BY: C:\Keil_v5\c51\C51\BIN\C51.EXE ..\User\Module\ModMipiRpt.c LARGE OPTIMIZE(8,SIZE) OPTIMIZE(8,SIZE) 
                    -REGFILE(..\..\..\..\..\out\LT9211C_MIPI DSI to LVDS test.ORC) BROWSE INCDIR(..\User\Driver;..\User\App;..\User\Ocm;..\Us
                    -er\Module) DEBUG OBJECTEXTEND PRINT(.\Listings\ModMipiRpt.lst) OBJECT(..\..\..\..\..\out\ModMipiRpt.obj)

line level    source

   1          /******************************************************************************
   2            * @project: LT9211C
   3            * @file: ModMipiRpt.c
   4            * @author: sxue
   5            * @company: LONTIUM COPYRIGHT and CONFIDENTIAL
   6            * @date: 2023.01.29
   7          /******************************************************************************/
   8          
   9          #include    "include.h"
  10          
  11          
  12          #if (LT9211C_MODE_SEL == MIPI_REPEATER)
              
              
              void Mod_MipiRptClkStb_Judge()
              {
                  if (g_stChipRx.ucRxState > STATE_CHIPRX_VIDEO_CHECK)
                  {
                      if(Drv_MipiRptClk_Change() == TRUE)
                      {
                          LTLog(LOG_WARN,"MIPI Repeater Rx Clk Change");
                          Mod_SystemRx_SetState(STATE_CHIPRX_WAITE_SOURCE);
                      }
                  }    
              }
              
              
              void Mod_MipiRpt_StateHandler()
              {
                  switch (g_stChipRx.ucRxState)
                  {
                      case STATE_CHIPRX_POWER_ON:
                          Mod_SystemRx_SetState(STATE_CHIPRX_WAITE_SOURCE);
                      break;    
                      
                      case STATE_CHIPRX_WAITE_SOURCE:
                          Drv_MipiRpt_ClkSel();
                          Drv_MipiRptTx_SkewCali();
                          Drv_MipiRptRxPhy_Set();
                          Drv_MipiRptRxDig_Set();
                          Mod_SystemRx_SetState(STATE_CHIPRX_PLL_CONFIG);
                      break;
                      
                      case STATE_CHIPRX_PLL_CONFIG:
                          if (Drv_MipiRptTx_PllSet() == TRUE)
                          {
                              if (Drv_MipiRptTx_PllCali() == TRUE)
                              {
                                  Mod_SystemRx_SetState(STATE_CHIPRX_VIDEO_CHECK);
                              }
                              else
                              {
                                  Mod_SystemRx_SetState(STATE_CHIPRX_WAITE_SOURCE);
C51 COMPILER V9.53.0.0   MODMIPIRPT                                                        06/30/2023 14:32:05 PAGE 2   

                              }
                          }
                      break;
                          
                      case STATE_CHIPRX_VIDEO_CHECK:
                          Drv_MipiRptTxPhy_Set();
                          Drv_MipiRptBta_Set();
                          Mod_SystemRx_SetState(STATE_CHIPRX_PLAY_BACK);
                      break;
                      
                      case STATE_CHIPRX_PLAY_BACK:
                      break;
                  }
              }
              
              void Mod_MipiRpt_Handler()
              {
              //    Mod_MipiRptClkStb_Judge();
                  Mod_MipiRpt_StateHandler();
              }
              
              #endif
  76          


MODULE INFORMATION:   STATIC OVERLAYABLE
   CODE SIZE        =   ----    ----
   CONSTANT SIZE    =   ----    ----
   XDATA SIZE       =   ----    ----
   PDATA SIZE       =   ----    ----
   DATA SIZE        =   ----    ----
   IDATA SIZE       =   ----    ----
   BIT SIZE         =   ----    ----
END OF MODULE INFORMATION.


C51 COMPILATION COMPLETE.  0 WARNING(S),  0 ERROR(S)
