C51 COMPILER V9.53.0.0   MODTTLTX                                                          06/30/2023 14:32:05 PAGE 1   


C51 COMPILER V9.53.0.0, COMPILATION OF MODULE MODTTLTX
OBJECT MODULE PLACED IN ..\..\..\..\..\out\ModTtlTx.obj
COMPILER INVOKED BY: C:\Keil_v5\c51\C51\BIN\C51.EXE ..\User\Module\ModTtlTx.c LARGE OPTIMIZE(8,SIZE) OPTIMIZE(8,SIZE) RE
                    -GFILE(..\..\..\..\..\out\LT9211C_MIPI DSI to LVDS test.ORC) BROWSE INCDIR(..\User\Driver;..\User\App;..\User\Ocm;..\User
                    -\Module) DEBUG OBJECTEXTEND PRINT(.\Listings\ModTtlTx.lst) OBJECT(..\..\..\..\..\out\ModTtlTx.obj)

line level    source

   1          /******************************************************************************
   2            * @project: LT9211C
   3            * @file: ModTtlTx.c
   4            * @author: xding
   5            * @company: LONTIUM COPYRIGHT and CONFIDENTIAL
   6            * @date: 2023.01.29
   7          /******************************************************************************/
   8          #include    "include.h"
   9          #if ((LT9211C_MODE_SEL == LVDS_IN_TTL_OUT)||(LT9211C_MODE_SEL == MIPI_IN_TTL_OUT)||(LT9211C_MODE_SEL == TT
             -L_IN_TTL_OUT))
              
              void Mod_TtlTx_StateJudge(void)
              {
                  //monitor upstream video stable.
                  if(g_stChipTx.ucTxState > STATE_CHIPTX_UPSTREAM_VIDEO_READY)
                  {
                      if(g_stChipTx.b1UpstreamVideoReady == FALSE)
                      {
                          Mod_SystemTx_SetState(STATE_CHIPTX_UPSTREAM_VIDEO_READY);
                      }
                  }
              }
              
              void Mod_TtlTx_StateHandler(void)
              {
                  switch (g_stChipTx.ucTxState)
                  {
                      case STATE_CHIPTX_POWER_ON:
                          Mod_SystemTx_SetState(STATE_CHIPTX_UPSTREAM_VIDEO_READY);
                      break;
              
                      case STATE_CHIPTX_UPSTREAM_VIDEO_READY:
                          if(g_stChipTx.b1TxStateChanged == TRUE)
                          {
                              g_stChipTx.b1TxStateChanged = FALSE;
                          }
                      
                          if(g_stChipTx.b1UpstreamVideoReady == TRUE) 
                          {
                              #if LT9211C_MODE_SEL == LVDS_IN_TTL_OUT
                                  #if LVDSRX_DESSC_SEL == DISABLED
                                      Drv_DesscPll_ForTtlTx();
                                  #endif
                              #endif
                              #if LT9211C_MODE_SEL == TTL_IN_TTL_OUT
                                  Drv_DesscPll_ForTtlTx();
                              #endif
                              Drv_TtlTxHalfBit_Set();
                              Drv_TtlTxSyncInter_Set();
                              Drv_TtlTxDdrMode_Set();
                              Drv_TTlTxPhy_Poweron();
                              Mod_SystemTx_SetState(STATE_CHIPTX_CONFIG_VIDEO);
                          }
C51 COMPILER V9.53.0.0   MODTTLTX                                                          06/30/2023 14:32:05 PAGE 2   

                      break;
              
                      case STATE_CHIPTX_CONFIG_VIDEO:
                          Mod_SystemTx_SetState(STATE_CHIPTX_VIDEO_OUT);
                      break;
              
                      case STATE_CHIPTX_VIDEO_OUT:
                          Drv_VidChkAll_Get(&g_stVidChk);
                          Drv_TtlTxDig_Set();
                          Drv_TtlTxMapping_Set();
                          Drv_CscSet_ForTtlTx();
                          Drv_TtlTxPhase_Set();
                          Mod_SystemTx_SetState(STATE_CHIPTX_PLAY_BACK);
                      break;
              
                      case STATE_CHIPTX_PLAY_BACK:
                      break;
                      
                  }
              }
              
              void Mod_TtlTx_Handler(void)
              {
                  Mod_TtlTx_StateJudge();
                  Mod_TtlTx_StateHandler();  
              }
              
              #endif


MODULE INFORMATION:   STATIC OVERLAYABLE
   CODE SIZE        =   ----    ----
   CONSTANT SIZE    =   ----    ----
   XDATA SIZE       =   ----    ----
   PDATA SIZE       =   ----    ----
   DATA SIZE        =   ----    ----
   IDATA SIZE       =   ----    ----
   BIT SIZE         =   ----    ----
END OF MODULE INFORMATION.


C51 COMPILATION COMPLETE.  0 WARNING(S),  0 ERROR(S)
