C51 COMPILER V9.53.0.0   OCMDELAY                                                          06/30/2023 14:32:01 PAGE 1   


C51 COMPILER V9.53.0.0, COMPILATION OF MODULE OCMDELAY
OBJECT MODULE PLACED IN ..\..\..\..\..\out\OcmDelay.obj
COMPILER INVOKED BY: C:\Keil_v5\c51\C51\BIN\C51.EXE ..\User\Ocm\OcmDelay.c LARGE OPTIMIZE(8,SIZE) OPTIMIZE(8,SIZE) REGFI
                    -LE(..\..\..\..\..\out\LT9211C_MIPI DSI to LVDS test.ORC) BROWSE INCDIR(..\User\Driver;..\User\App;..\User\Ocm;..\User\Mo
                    -dule) DEBUG OBJECTEXTEND PRINT(.\Listings\OcmDelay.lst) OBJECT(..\..\..\..\..\out\OcmDelay.obj)

line level    source

   1          /*--------------------------------------------------------------------------------------------------------
             --*/
   2          /*                                                                                                        
             - */
   3          /* Copyright(c) 2016 Nuvoton Technology Corp. All rights reserved.                                        
             - */
   4          /*                                                                                                        
             - */
   5          /*--------------------------------------------------------------------------------------------------------
             --*/
   6          
   7          //********************************************************************************************************
             -***
   8          //  Nuvoton Technoledge Corp. 
   9          //  Website: http://www.nuvoton.com
  10          //  E-Mail : MicroC-8bit@nuvoton.com
  11          //  Date   : Apr/21/2016
  12          //********************************************************************************************************
             -***
  13          
  14          #include "include.h"
  15          
  16          //-------------------------------------------------------------------------
  17          void Ocm_Timer0_Delay100us(u32 ulCnt)
  18          {
  19   1          clr_T0M;                                        //T0M=0, Timer0 Clock = Fsys/12
  20   1          TMOD |= 0x01;                                   //Timer0 is 16-bit mode
  21   1          set_TR0;                                        //Start Timer0
  22   1          while (ulCnt != 0)
  23   1          {
  24   2              TL0 = LOBYTE(TIMER_DIV12_VALUE_100us);    //Find  define in "Function_define.h" "TIMER VALUE"
  25   2              TH0 = HIBYTE(TIMER_DIV12_VALUE_100us);
  26   2              while (TF0 != 1);                           //Check Timer0 Time-Out Flag
  27   2              clr_TF0;
  28   2              ulCnt --;
  29   2          }
  30   1          clr_TR0;                                           //Stop Timer0
  31   1      }
  32          //------------------------------------------------------------------------------
  33          void Ocm_Timer0_Delay1ms(u32 ulCnt)
  34          {
  35   1          clr_T0M;                                        //T0M=0, Timer0 Clock = Fsys/12
  36   1          TMOD |= 0x01;                                   //Timer0 is 16-bit mode
  37   1          set_TR0;                                        //Start Timer0
  38   1          while (ulCnt != 0)
  39   1          {
  40   2              TL0 = LOBYTE(TIMER_DIV12_VALUE_1ms);         //Find  define in "Function_define.h" "TIMER VALUE"
  41   2              TH0 = HIBYTE(TIMER_DIV12_VALUE_1ms);
  42   2              while (TF0 != 1);                           //Check Timer0 Time-Out Flag
  43   2              clr_TF0;
  44   2              ulCnt --;
  45   2          }
  46   1          clr_TR0;                                        //Stop Timer0
C51 COMPILER V9.53.0.0   OCMDELAY                                                          06/30/2023 14:32:01 PAGE 2   

  47   1      }
  48          


MODULE INFORMATION:   STATIC OVERLAYABLE
   CODE SIZE        =    150    ----
   CONSTANT SIZE    =   ----    ----
   XDATA SIZE       =   ----       8
   PDATA SIZE       =   ----    ----
   DATA SIZE        =   ----    ----
   IDATA SIZE       =   ----    ----
   BIT SIZE         =   ----    ----
END OF MODULE INFORMATION.


C51 COMPILATION COMPLETE.  0 WARNING(S),  0 ERROR(S)
