C51 COMPILER V9.53.0.0   OCMUART0                                                          06/30/2023 14:32:02 PAGE 1   


C51 COMPILER V9.53.0.0, COMPILATION OF MODULE OCMUART0
OBJECT MODULE PLACED IN ..\..\..\..\..\out\OcmUart0.obj
COMPILER INVOKED BY: C:\Keil_v5\c51\C51\BIN\C51.EXE ..\User\Ocm\OcmUart0.c LARGE OPTIMIZE(8,SIZE) OPTIMIZE(8,SIZE) REGFI
                    -LE(..\..\..\..\..\out\LT9211C_MIPI DSI to LVDS test.ORC) BROWSE INCDIR(..\User\Driver;..\User\App;..\User\Ocm;..\User\Mo
                    -dule) DEBUG OBJECTEXTEND PRINT(.\Listings\OcmUart0.lst) OBJECT(..\..\..\..\..\out\OcmUart0.obj)

line level    source

   1          
   2          #include "include.h"
   3          
   4          bit BIT_TMP;
   5          
   6          #define MAX_NUMBER_BYTES  128
   7          u8 g_ucLogLevel = LOG_DEBUG;
   8          
   9          RDATA char *messageTypeStr[] = {"DEBUG","INFO","WARN", "ERROR","CRIT"};
  10          
  11          
  12          //    example
  13          //    codea = 0x01;
  14          //    codeb = 0x0002;
  15          //    codec = 0x00000003;
  16          //    printLT(PRINT_PRIO_HIG, "\r\nh'u8  is 0x%02bx", codea);
  17          //    printLT(PRINT_PRIO_HIG, "\r\nh'u16 is 0x%04x", codeb);
  18          //    printLT(PRINT_PRIO_HIG, "\r\nh'u32 is 0x%08lx",codec);
  19          //    printLT(PRINT_PRIO_HIG, "\r\nd'u8  is %bd", codea);
  20          //    printLT(PRINT_PRIO_HIG, "\r\nd'u16 is %d", codeb);
  21          //    printLT(PRINT_PRIO_HIG, "\r\nd'u32 is %ld", codec);
  22          
  23          
  24          //===========================================
  25          //func  :UART0 Timer1 baud rate initial setting 
  26          //input :
  27          //output:N/A
  28          //return:void
  29          //Info  :N/A
  30          //===========================================
  31          
  32          void Ocm_UART0_Timer1Init(u32 ulBaudrate)    //T1M = 1, SMOD = 1
  33          {
  34   1          P06_Quasi_Mode;        //Setting UART pin as Quasi mode for transmit
  35   1          P07_Quasi_Mode;        //Setting UART pin as Quasi mode for transmit
  36   1          
  37   1          SCON =  0x50;         //UART0 Mode1,REN=1,TI=1
  38   1          TMOD |= 0x20;         //Timer1 Mode1
  39   1          
  40   1          set_SMOD;            //UART0 Double Rate Enable
  41   1          set_T1M;
  42   1          clr_BRCK;            //Serial port 0 baud rate clock source = Timer1
  43   1       
  44   1          #ifdef FOSC_160000
  45   1          TH1 = 256 - (1000000/ulBaudrate+1);               /*16 MHz */
  46   1          #endif        
  47   1          #ifdef FOSC_166000
                  TH1 = 256 - (1037500/ulBaudrate);                 /*16.6 MHz */
                  #endif
  50   1          set_TR1;
  51   1          set_TI;                               //For printf function must setting TI = 1
  52   1      }
  53          
C51 COMPILER V9.53.0.0   OCMUART0                                                          06/30/2023 14:32:02 PAGE 2   

  54          
  55          void Ocm_PrintLevel_Set(u8 ucLvl)
  56          {
  57   1          g_ucLogLevel = ucLvl;
  58   1      }
  59          
  60          void LTLog(u8 ucLvl, const char* fmt, ...)
  61          {
  62   1          char buf[MAX_NUMBER_BYTES] = {0};
  63   1          va_list args;
  64   1          if (ucLvl > LOG_NOTRACE)
  65   1          {
  66   2              return;
  67   2          }
  68   1          
  69   1          //打印大于等于该级别的字符串
  70   1          if(ucLvl >= g_ucLogLevel)
  71   1          {
  72   2              va_start(args, fmt);
  73   2              vsprintf(buf, fmt, args);
  74   2              va_end(args);
  75   2              //左对齐5个字符
  76   2              printf("\n[%-5s] %s", messageTypeStr[ucLvl], buf);
  77   2          }
  78   1      }


MODULE INFORMATION:   STATIC OVERLAYABLE
   CODE SIZE        =    204    ----
   CONSTANT SIZE    =    181    ----
   XDATA SIZE       =      1     175
   PDATA SIZE       =   ----    ----
   DATA SIZE        =   ----    ----
   IDATA SIZE       =   ----    ----
   BIT SIZE         =      1    ----
END OF MODULE INFORMATION.


C51 COMPILATION COMPLETE.  0 WARNING(S),  0 ERROR(S)
